<?xml version="1.0" encoding="UTF-8"?>
<!-- Generated by org.testng.reporters.JUnitReportReporter -->
<testsuite skipped="0" hostname="CCI-SNAYAK-L" name="scout.Mavenjava.SeleniumTest" tests="2" failures="0" timestamp="2020-05-29T23:52:04 IST" time="0.015" errors="0">
  <testcase name="browser" time="0.014" classname="scout.Mavenjava.SeleniumTest"/>
  <system-out/>
  <testcase name="element" time="0.001" classname="scout.Mavenjava.SeleniumTest"/>
  <system-out/>
</testsuite> <!-- scout.Mavenjava.SeleniumTest -->
