<?xml version="1.0" encoding="UTF-8"?>
<!-- Generated by org.testng.reporters.JUnitReportReporter -->
<testsuite skipped="0" hostname="CCI-SNAYAK-L" name="qaclickacademy.AppiumTest" tests="2" failures="0" timestamp="2020-05-30T00:12:53 IST" time="0.013" errors="0">
  <testcase name="android" time="0.011" classname="qaclickacademy.AppiumTest"/>
  <system-out/>
  <testcase name="ios" time="0.002" classname="qaclickacademy.AppiumTest"/>
  <system-out/>
</testsuite> <!-- qaclickacademy.AppiumTest -->
