<?xml version="1.0" encoding="UTF-8"?>
<!-- Generated by org.testng.reporters.JUnitReportReporter -->
<testsuite skipped="0" hostname="CCI-SNAYAK-L" name="scout.Mavenjava.RESTAPITest" tests="2" failures="0" timestamp="2020-05-29T23:51:55 IST" time="0.012" errors="0">
  <testcase name="delete" time="0.011" classname="scout.Mavenjava.RESTAPITest"/>
  <system-out/>
  <testcase name="post" time="0.001" classname="scout.Mavenjava.RESTAPITest"/>
  <system-out/>
</testsuite> <!-- scout.Mavenjava.RESTAPITest -->
