<?xml version="1.0" encoding="UTF-8"?>
<!-- Generated by org.testng.reporters.JUnitReportReporter -->
<testsuite skipped="0" hostname="CCI-SNAYAK-L" name="scout.Mavenjava.AppiumTest" tests="2" failures="0" timestamp="2020-05-29T23:51:45 IST" time="0.017" errors="0">
  <testcase name="android" time="0.015" classname="scout.Mavenjava.AppiumTest"/>
  <system-out/>
  <testcase name="ios" time="0.002" classname="scout.Mavenjava.AppiumTest"/>
  <system-out/>
</testsuite> <!-- scout.Mavenjava.AppiumTest -->
