<?xml version="1.0" encoding="UTF-8"?>
<!-- Generated by org.testng.reporters.JUnitReportReporter -->
<testsuite skipped="0" hostname="CCI-SNAYAK-L" name="qaclickacademy.RESTAPITest" tests="2" failures="0" timestamp="2020-05-30T00:13:36 IST" time="0.014" errors="0">
  <testcase name="delete" time="0.012" classname="qaclickacademy.RESTAPITest"/>
  <system-out/>
  <testcase name="post" time="0.002" classname="qaclickacademy.RESTAPITest"/>
  <system-out/>
</testsuite> <!-- qaclickacademy.RESTAPITest -->
