<?xml version="1.0" encoding="UTF-8"?>
<!-- Generated by org.testng.reporters.JUnitReportReporter -->
<testsuite skipped="0" hostname="CCI-SNAYAK-L" name="qaclickacademy.SeleniumTest" tests="2" failures="0" timestamp="2020-05-30T00:13:46 IST" time="0.011" errors="0">
  <testcase name="browser" time="0.010" classname="qaclickacademy.SeleniumTest"/>
  <system-out/>
  <testcase name="element" time="0.001" classname="qaclickacademy.SeleniumTest"/>
  <system-out/>
</testsuite> <!-- qaclickacademy.SeleniumTest -->
