<?xml version="1.0" encoding="UTF-8"?>
<!-- Generated by org.testng.reporters.JUnitReportReporter -->
<testsuite skipped="0" hostname="CCI-SNAYAK-L" name="qaclickacademy.AppiumTest" tests="2" failures="0" timestamp="30 May 2020 16:40:44 GMT" time="0.010" errors="0">
  <testcase name="android" time="0.010" classname="qaclickacademy.AppiumTest"/>
  <testcase name="ios" time="0.000" classname="qaclickacademy.AppiumTest"/>
</testsuite> <!-- qaclickacademy.AppiumTest -->
