<?xml version="1.0" encoding="UTF-8"?>
<!-- Generated by org.testng.reporters.JUnitReportReporter -->
<testsuite skipped="0" hostname="CCI-SNAYAK-L" name="qaclickacademy.SeleniumTest" tests="2" failures="0" timestamp="30 May 2020 16:40:44 GMT" time="0.001" errors="0">
  <testcase name="browser" time="0.001" classname="qaclickacademy.SeleniumTest"/>
  <testcase name="element" time="0.000" classname="qaclickacademy.SeleniumTest"/>
</testsuite> <!-- qaclickacademy.SeleniumTest -->
